[ 2012-07-29T03:35:21+00:00 ] ERR: (DeveException) [D:\www\html\web\devephp\trunk\php/View/default/Index/ShowMain.tpl.php]
[ 2012-07-29T03:36:38+00:00 ] ERR: (DeveException) [D:\www\html\web\devephp\trunk\php/View/default/Index/ShowMain.tpl.php]
[ 2012-07-29T03:36:39+00:00 ] ERR: (DeveException) [D:\www\html\web\devephp\trunk\php/View/default/Index/ShowMain.tpl.php]
[ 2012-07-29T03:36:41+00:00 ] ERR: (DeveException) [D:\www\html\web\devephp\trunk\php/View/default/Index/ShowMain.tpl.php]
[ 2012-07-29T03:38:29+00:00 ] ERR: (DeveException) [D:\www\html\web\devephp\trunk\php/View/default/Index/ShowMain.tpl.php]
[ 2012-07-29T03:38:31+00:00 ] ERR: (DeveException) [D:\www\html\web\devephp\trunk\php/View/default/Index/ShowMain.tpl.php]
[ 2012-07-29T03:38:32+00:00 ] ERR: (DeveException) [D:\www\html\web\devephp\trunk\php/View/default/Index/ShowMain.tpl.php]
[ 2012-07-29T03:39:37+00:00 ] ERR: (DeveException) [D:\www\html\web\devephp\trunk\php/View/default/Index/ShowMain.tpl.php]
[ 2012-07-29T03:39:38+00:00 ] ERR: (DeveException) [D:\www\html\web\devephp\trunk\php/View/default/Index/ShowMain.tpl.php]
[ 2012-07-29T03:41:03+00:00 ] ERR: (DeveException) [D:\www\html\web\devephp\trunk\php/View/default/Index/ShowMain.tpl.php]
[ 2012-07-29T03:42:16+00:00 ] ERR: (DeveException) [D:\www\html\web\devephp\trunk\php/View/default/Index/ShowMain.tpl.php]
[ 2012-07-29T03:44:11+00:00 ] ERR: (DeveException) [D:\www\html\web\devephp\trunk\php/View/default/Index/ShowMain.tpl.php]
[ 2012-07-29T03:44:35+00:00 ] ERR: (DeveException) [D:\www\html\web\devephp\trunk\php/View/default/Index/ShowMain.tpl.php]
[ 2012-07-29T04:00:33+00:00 ] NOTIC: [8] date_default_timezone_set() [<a href='function.date-default-timezone-set'>function.date-default-timezone-set</a>]: Timezone ID '' is invalid App.class.php 第 57 行.
[ 2012-07-29T04:00:33+00:00 ] NOTIC: [8] Undefined variable: aaa d1c4e699540f8c2be10527914a0b645d.php 第 3 行.
[ 2012-07-29T04:00:33+00:00 ] NOTIC: [2048] date() [<a href='function.date'>function.date</a>]: It is not safe to rely on the system's timezone settings. Please use the date.timezone setting, the TZ environment variable or the date_default_timezone_set() function. In case you used any of those methods and you are still getting this warning, you most likely misspelled the timezone identifier. We selected 'UTC' for '8.0/no DST' instead Log.class.php 第 88 行.
[ 2012-07-29T04:00:44+00:00 ] NOTIC: [8] date_default_timezone_set() [<a href='function.date-default-timezone-set'>function.date-default-timezone-set</a>]: Timezone ID '' is invalid App.class.php 第 57 行.
[ 2012-07-29T04:00:44+00:00 ] NOTIC: [8] Undefined variable: aaa d1c4e699540f8c2be10527914a0b645d.php 第 3 行.
[ 2012-07-29T04:00:44+00:00 ] NOTIC: [2048] date() [<a href='function.date'>function.date</a>]: It is not safe to rely on the system's timezone settings. Please use the date.timezone setting, the TZ environment variable or the date_default_timezone_set() function. In case you used any of those methods and you are still getting this warning, you most likely misspelled the timezone identifier. We selected 'UTC' for '8.0/no DST' instead Log.class.php 第 88 行.
[ 2012-07-29T04:00:46+00:00 ] NOTIC: [8] date_default_timezone_set() [<a href='function.date-default-timezone-set'>function.date-default-timezone-set</a>]: Timezone ID '' is invalid App.class.php 第 57 行.
[ 2012-07-29T04:00:46+00:00 ] NOTIC: [8] Undefined variable: aaa d1c4e699540f8c2be10527914a0b645d.php 第 3 行.
[ 2012-07-29T04:00:46+00:00 ] NOTIC: [2048] date() [<a href='function.date'>function.date</a>]: It is not safe to rely on the system's timezone settings. Please use the date.timezone setting, the TZ environment variable or the date_default_timezone_set() function. In case you used any of those methods and you are still getting this warning, you most likely misspelled the timezone identifier. We selected 'UTC' for '8.0/no DST' instead Log.class.php 第 88 行.
[ 2012-07-29T04:00:47+00:00 ] NOTIC: [8] date_default_timezone_set() [<a href='function.date-default-timezone-set'>function.date-default-timezone-set</a>]: Timezone ID '' is invalid App.class.php 第 57 行.
[ 2012-07-29T04:00:47+00:00 ] NOTIC: [8] Undefined variable: aaa d1c4e699540f8c2be10527914a0b645d.php 第 3 行.
[ 2012-07-29T04:00:47+00:00 ] NOTIC: [2048] date() [<a href='function.date'>function.date</a>]: It is not safe to rely on the system's timezone settings. Please use the date.timezone setting, the TZ environment variable or the date_default_timezone_set() function. In case you used any of those methods and you are still getting this warning, you most likely misspelled the timezone identifier. We selected 'UTC' for '8.0/no DST' instead Log.class.php 第 88 行.
[ 2012-07-29T04:00:48+00:00 ] NOTIC: [8] date_default_timezone_set() [<a href='function.date-default-timezone-set'>function.date-default-timezone-set</a>]: Timezone ID '' is invalid App.class.php 第 57 行.
[ 2012-07-29T04:00:48+00:00 ] NOTIC: [8] Undefined variable: aaa d1c4e699540f8c2be10527914a0b645d.php 第 3 行.
[ 2012-07-29T04:00:48+00:00 ] NOTIC: [2048] date() [<a href='function.date'>function.date</a>]: It is not safe to rely on the system's timezone settings. Please use the date.timezone setting, the TZ environment variable or the date_default_timezone_set() function. In case you used any of those methods and you are still getting this warning, you most likely misspelled the timezone identifier. We selected 'UTC' for '8.0/no DST' instead Log.class.php 第 88 行.
[ 2012-07-29T04:00:49+00:00 ] NOTIC: [8] date_default_timezone_set() [<a href='function.date-default-timezone-set'>function.date-default-timezone-set</a>]: Timezone ID '' is invalid App.class.php 第 57 行.
[ 2012-07-29T04:00:49+00:00 ] NOTIC: [8] Undefined variable: aaa d1c4e699540f8c2be10527914a0b645d.php 第 3 行.
[ 2012-07-29T04:00:49+00:00 ] NOTIC: [2048] date() [<a href='function.date'>function.date</a>]: It is not safe to rely on the system's timezone settings. Please use the date.timezone setting, the TZ environment variable or the date_default_timezone_set() function. In case you used any of those methods and you are still getting this warning, you most likely misspelled the timezone identifier. We selected 'UTC' for '8.0/no DST' instead Log.class.php 第 88 行.
[ 2012-07-29T04:00:50+00:00 ] NOTIC: [8] date_default_timezone_set() [<a href='function.date-default-timezone-set'>function.date-default-timezone-set</a>]: Timezone ID '' is invalid App.class.php 第 57 行.
[ 2012-07-29T04:00:50+00:00 ] NOTIC: [8] Undefined variable: aaa d1c4e699540f8c2be10527914a0b645d.php 第 3 行.
[ 2012-07-29T04:00:50+00:00 ] NOTIC: [2048] date() [<a href='function.date'>function.date</a>]: It is not safe to rely on the system's timezone settings. Please use the date.timezone setting, the TZ environment variable or the date_default_timezone_set() function. In case you used any of those methods and you are still getting this warning, you most likely misspelled the timezone identifier. We selected 'UTC' for '8.0/no DST' instead Log.class.php 第 88 行.
[ 2012-07-29T04:02:32+00:00 ] NOTIC: [8] date_default_timezone_set() [<a href='function.date-default-timezone-set'>function.date-default-timezone-set</a>]: Timezone ID '' is invalid App.class.php 第 57 行.
[ 2012-07-29T04:02:32+00:00 ] NOTIC: [8] Undefined variable: aaa d1c4e699540f8c2be10527914a0b645d.php 第 3 行.
[ 2012-07-29T04:02:32+00:00 ] NOTIC: [2048] date() [<a href='function.date'>function.date</a>]: It is not safe to rely on the system's timezone settings. Please use the date.timezone setting, the TZ environment variable or the date_default_timezone_set() function. In case you used any of those methods and you are still getting this warning, you most likely misspelled the timezone identifier. We selected 'UTC' for '8.0/no DST' instead Log.class.php 第 88 行.
[ 2012-07-29T04:02:34+00:00 ] NOTIC: [8] date_default_timezone_set() [<a href='function.date-default-timezone-set'>function.date-default-timezone-set</a>]: Timezone ID '' is invalid App.class.php 第 57 行.
[ 2012-07-29T04:02:34+00:00 ] NOTIC: [8] Undefined variable: aaa d1c4e699540f8c2be10527914a0b645d.php 第 3 行.
[ 2012-07-29T04:02:34+00:00 ] NOTIC: [2048] date() [<a href='function.date'>function.date</a>]: It is not safe to rely on the system's timezone settings. Please use the date.timezone setting, the TZ environment variable or the date_default_timezone_set() function. In case you used any of those methods and you are still getting this warning, you most likely misspelled the timezone identifier. We selected 'UTC' for '8.0/no DST' instead Log.class.php 第 88 行.
[ 2012-07-29T04:02:46+00:00 ] NOTIC: [8] date_default_timezone_set() [<a href='function.date-default-timezone-set'>function.date-default-timezone-set</a>]: Timezone ID '' is invalid App.class.php 第 57 行.
[ 2012-07-29T04:02:46+00:00 ] NOTIC: [8] Undefined variable: aaa d1c4e699540f8c2be10527914a0b645d.php 第 3 行.
[ 2012-07-29T04:02:46+00:00 ] NOTIC: [2048] date() [<a href='function.date'>function.date</a>]: It is not safe to rely on the system's timezone settings. Please use the date.timezone setting, the TZ environment variable or the date_default_timezone_set() function. In case you used any of those methods and you are still getting this warning, you most likely misspelled the timezone identifier. We selected 'UTC' for '8.0/no DST' instead Log.class.php 第 88 行.
[ 2012-07-29T04:02:47+00:00 ] NOTIC: [8] date_default_timezone_set() [<a href='function.date-default-timezone-set'>function.date-default-timezone-set</a>]: Timezone ID '' is invalid App.class.php 第 57 行.
[ 2012-07-29T04:02:47+00:00 ] NOTIC: [8] Undefined variable: aaa d1c4e699540f8c2be10527914a0b645d.php 第 3 行.
[ 2012-07-29T04:02:47+00:00 ] NOTIC: [2048] date() [<a href='function.date'>function.date</a>]: It is not safe to rely on the system's timezone settings. Please use the date.timezone setting, the TZ environment variable or the date_default_timezone_set() function. In case you used any of those methods and you are still getting this warning, you most likely misspelled the timezone identifier. We selected 'UTC' for '8.0/no DST' instead Log.class.php 第 88 行.
[ 2012-07-29T04:03:02+00:00 ] NOTIC: [8] date_default_timezone_set() [<a href='function.date-default-timezone-set'>function.date-default-timezone-set</a>]: Timezone ID '' is invalid App.class.php 第 57 行.
[ 2012-07-29T04:03:02+00:00 ] NOTIC: [8] Undefined variable: aaa d1c4e699540f8c2be10527914a0b645d.php 第 3 行.
[ 2012-07-29T04:03:02+00:00 ] NOTIC: [2048] date() [<a href='function.date'>function.date</a>]: It is not safe to rely on the system's timezone settings. Please use the date.timezone setting, the TZ environment variable or the date_default_timezone_set() function. In case you used any of those methods and you are still getting this warning, you most likely misspelled the timezone identifier. We selected 'UTC' for '8.0/no DST' instead Log.class.php 第 88 行.
[ 2012-07-29T04:03:29+00:00 ] NOTIC: [8] date_default_timezone_set() [<a href='function.date-default-timezone-set'>function.date-default-timezone-set</a>]: Timezone ID '' is invalid App.class.php 第 57 行.
[ 2012-07-29T04:03:29+00:00 ] NOTIC: [2048] date() [<a href='function.date'>function.date</a>]: It is not safe to rely on the system's timezone settings. Please use the date.timezone setting, the TZ environment variable or the date_default_timezone_set() function. In case you used any of those methods and you are still getting this warning, you most likely misspelled the timezone identifier. We selected 'UTC' for '8.0/no DST' instead Log.class.php 第 88 行.
[ 2012-07-29T04:04:59+00:00 ] NOTIC: [8] date_default_timezone_set() [<a href='function.date-default-timezone-set'>function.date-default-timezone-set</a>]: Timezone ID '' is invalid App.class.php 第 57 行.
[ 2012-07-29T04:04:59+00:00 ] NOTIC: [2048] date() [<a href='function.date'>function.date</a>]: It is not safe to rely on the system's timezone settings. Please use the date.timezone setting, the TZ environment variable or the date_default_timezone_set() function. In case you used any of those methods and you are still getting this warning, you most likely misspelled the timezone identifier. We selected 'UTC' for '8.0/no DST' instead Log.class.php 第 88 行.
[ 2012-07-29T04:05:03+00:00 ] NOTIC: [8] date_default_timezone_set() [<a href='function.date-default-timezone-set'>function.date-default-timezone-set</a>]: Timezone ID '' is invalid App.class.php 第 57 行.
[ 2012-07-29T04:05:03+00:00 ] NOTIC: [2048] date() [<a href='function.date'>function.date</a>]: It is not safe to rely on the system's timezone settings. Please use the date.timezone setting, the TZ environment variable or the date_default_timezone_set() function. In case you used any of those methods and you are still getting this warning, you most likely misspelled the timezone identifier. We selected 'UTC' for '8.0/no DST' instead Log.class.php 第 88 行.
[ 2012-07-29T04:11:53+00:00 ] ERR: (DeveException) Demo
[ 2012-07-29T04:12:51+00:00 ] ERR: (DeveException) Demo
[ 2012-07-29T04:12:52+00:00 ] ERR: (DeveException) Demo
[ 2012-07-29T04:12:53+00:00 ] ERR: (DeveException) Demo
[ 2012-07-29T04:12:55+00:00 ] ERR: (DeveException) Demo
[ 2012-07-29T04:12:55+00:00 ] ERR: (DeveException) Demo
[ 2012-07-29T04:12:58+00:00 ] ERR: (DeveException) Demo
[ 2012-07-29T04:13:05+00:00 ] ERR: (DeveException) Index
[ 2012-07-29T04:13:06+00:00 ] ERR: (DeveException) Index
[ 2012-07-29T04:13:06+00:00 ] ERR: (DeveException) Index
[ 2012-07-29T04:13:08+00:00 ] ERR: (DeveException) Index
[ 2012-07-29T04:14:07+00:00 ] ERR: (DeveException) [D:\www\html\web\devephp\trunk\php/View/default/Index/HelloIndex.tpl.php]
[ 2012-07-29T04:15:18+00:00 ] ERR: (DeveException) [D:\www\html\web\devephp\trunk\php/View/default/Index/HelloIndex.tpl.php]
[ 2012-07-29T04:15:21+00:00 ] ERR: (DeveException) [D:\www\html\web\devephp\trunk\php/View/default/Index/HelloIndex.tpl.php]
[ 2012-07-29T04:15:23+00:00 ] ERR: (DeveException) [D:\www\html\web\devephp\trunk\php/View/default/Index/HelloIndex.tpl.php]
[ 2012-07-29T04:19:08+00:00 ] ERR: (DeveException) [D:\www\html\web\devephp\trunk\php/View/default/Index/HelloIndex.tpl.php]
[ 2012-07-29T04:23:30+00:00 ] NOTIC: [8] date_default_timezone_set() [<a href='function.date-default-timezone-set'>function.date-default-timezone-set</a>]: Timezone ID '' is invalid App.class.php 第 57 行.
[ 2012-07-29T04:23:30+00:00 ] NOTIC: [2] highlight_file(D:\www\html\web\devephp\trunk\php/Controller/Demo/DemoHello.class.php) [<a href='function.highlight-file'>function.highlight-file</a>]: failed to open stream: No such file or directory 0e9b91cdad15701744bfc7a06aab1973.php 第 17 行.
[ 2012-07-29T04:23:30+00:00 ] NOTIC: [2] highlight_file() [<a href='function.highlight-file'>function.highlight-file</a>]: Failed opening 'D:\www\html\web\devephp\trunk\php/Controller/Demo/DemoHello.class.php' for highlighting 0e9b91cdad15701744bfc7a06aab1973.php 第 17 行.
[ 2012-07-29T04:23:30+00:00 ] NOTIC: [2048] date() [<a href='function.date'>function.date</a>]: It is not safe to rely on the system's timezone settings. Please use the date.timezone setting, the TZ environment variable or the date_default_timezone_set() function. In case you used any of those methods and you are still getting this warning, you most likely misspelled the timezone identifier. We selected 'UTC' for '8.0/no DST' instead Log.class.php 第 88 行.
[ 2012-07-29T04:23:37+00:00 ] NOTIC: [8] date_default_timezone_set() [<a href='function.date-default-timezone-set'>function.date-default-timezone-set</a>]: Timezone ID '' is invalid App.class.php 第 57 行.
[ 2012-07-29T04:23:37+00:00 ] NOTIC: [2] highlight_file(D:\www\html\web\devephp\trunk\php/Controller/Demo/DemoHello.class.php) [<a href='function.highlight-file'>function.highlight-file</a>]: failed to open stream: No such file or directory 0e9b91cdad15701744bfc7a06aab1973.php 第 17 行.
[ 2012-07-29T04:23:37+00:00 ] NOTIC: [2] highlight_file() [<a href='function.highlight-file'>function.highlight-file</a>]: Failed opening 'D:\www\html\web\devephp\trunk\php/Controller/Demo/DemoHello.class.php' for highlighting 0e9b91cdad15701744bfc7a06aab1973.php 第 17 行.
[ 2012-07-29T04:23:37+00:00 ] NOTIC: [2048] date() [<a href='function.date'>function.date</a>]: It is not safe to rely on the system's timezone settings. Please use the date.timezone setting, the TZ environment variable or the date_default_timezone_set() function. In case you used any of those methods and you are still getting this warning, you most likely misspelled the timezone identifier. We selected 'UTC' for '8.0/no DST' instead Log.class.php 第 88 行.
[ 2012-07-29T04:23:38+00:00 ] NOTIC: [8] date_default_timezone_set() [<a href='function.date-default-timezone-set'>function.date-default-timezone-set</a>]: Timezone ID '' is invalid App.class.php 第 57 行.
[ 2012-07-29T04:23:38+00:00 ] NOTIC: [2] highlight_file(D:\www\html\web\devephp\trunk\php/Controller/Demo/DemoHello.class.php) [<a href='function.highlight-file'>function.highlight-file</a>]: failed to open stream: No such file or directory 0e9b91cdad15701744bfc7a06aab1973.php 第 17 行.
[ 2012-07-29T04:23:38+00:00 ] NOTIC: [2] highlight_file() [<a href='function.highlight-file'>function.highlight-file</a>]: Failed opening 'D:\www\html\web\devephp\trunk\php/Controller/Demo/DemoHello.class.php' for highlighting 0e9b91cdad15701744bfc7a06aab1973.php 第 17 行.
[ 2012-07-29T04:23:38+00:00 ] NOTIC: [2048] date() [<a href='function.date'>function.date</a>]: It is not safe to rely on the system's timezone settings. Please use the date.timezone setting, the TZ environment variable or the date_default_timezone_set() function. In case you used any of those methods and you are still getting this warning, you most likely misspelled the timezone identifier. We selected 'UTC' for '8.0/no DST' instead Log.class.php 第 88 行.
[ 2012-07-29T04:23:38+00:00 ] NOTIC: [8] date_default_timezone_set() [<a href='function.date-default-timezone-set'>function.date-default-timezone-set</a>]: Timezone ID '' is invalid App.class.php 第 57 行.
[ 2012-07-29T04:23:38+00:00 ] NOTIC: [2] highlight_file(D:\www\html\web\devephp\trunk\php/Controller/Demo/DemoHello.class.php) [<a href='function.highlight-file'>function.highlight-file</a>]: failed to open stream: No such file or directory 0e9b91cdad15701744bfc7a06aab1973.php 第 17 行.
[ 2012-07-29T04:23:38+00:00 ] NOTIC: [2] highlight_file() [<a href='function.highlight-file'>function.highlight-file</a>]: Failed opening 'D:\www\html\web\devephp\trunk\php/Controller/Demo/DemoHello.class.php' for highlighting 0e9b91cdad15701744bfc7a06aab1973.php 第 17 行.
[ 2012-07-29T04:23:38+00:00 ] NOTIC: [2048] date() [<a href='function.date'>function.date</a>]: It is not safe to rely on the system's timezone settings. Please use the date.timezone setting, the TZ environment variable or the date_default_timezone_set() function. In case you used any of those methods and you are still getting this warning, you most likely misspelled the timezone identifier. We selected 'UTC' for '8.0/no DST' instead Log.class.php 第 88 行.
[ 2012-07-29T04:23:39+00:00 ] NOTIC: [8] date_default_timezone_set() [<a href='function.date-default-timezone-set'>function.date-default-timezone-set</a>]: Timezone ID '' is invalid App.class.php 第 57 行.
[ 2012-07-29T04:23:39+00:00 ] NOTIC: [2] highlight_file(D:\www\html\web\devephp\trunk\php/Controller/Demo/DemoHello.class.php) [<a href='function.highlight-file'>function.highlight-file</a>]: failed to open stream: No such file or directory 0e9b91cdad15701744bfc7a06aab1973.php 第 17 行.
[ 2012-07-29T04:23:39+00:00 ] NOTIC: [2] highlight_file() [<a href='function.highlight-file'>function.highlight-file</a>]: Failed opening 'D:\www\html\web\devephp\trunk\php/Controller/Demo/DemoHello.class.php' for highlighting 0e9b91cdad15701744bfc7a06aab1973.php 第 17 行.
[ 2012-07-29T04:23:39+00:00 ] NOTIC: [2048] date() [<a href='function.date'>function.date</a>]: It is not safe to rely on the system's timezone settings. Please use the date.timezone setting, the TZ environment variable or the date_default_timezone_set() function. In case you used any of those methods and you are still getting this warning, you most likely misspelled the timezone identifier. We selected 'UTC' for '8.0/no DST' instead Log.class.php 第 88 行.
[ 2012-07-29T04:23:40+00:00 ] NOTIC: [8] date_default_timezone_set() [<a href='function.date-default-timezone-set'>function.date-default-timezone-set</a>]: Timezone ID '' is invalid App.class.php 第 57 行.
[ 2012-07-29T04:23:40+00:00 ] NOTIC: [2] highlight_file(D:\www\html\web\devephp\trunk\php/Controller/Demo/DemoHello.class.php) [<a href='function.highlight-file'>function.highlight-file</a>]: failed to open stream: No such file or directory 0e9b91cdad15701744bfc7a06aab1973.php 第 17 行.
[ 2012-07-29T04:23:40+00:00 ] NOTIC: [2] highlight_file() [<a href='function.highlight-file'>function.highlight-file</a>]: Failed opening 'D:\www\html\web\devephp\trunk\php/Controller/Demo/DemoHello.class.php' for highlighting 0e9b91cdad15701744bfc7a06aab1973.php 第 17 行.
[ 2012-07-29T04:23:40+00:00 ] NOTIC: [2048] date() [<a href='function.date'>function.date</a>]: It is not safe to rely on the system's timezone settings. Please use the date.timezone setting, the TZ environment variable or the date_default_timezone_set() function. In case you used any of those methods and you are still getting this warning, you most likely misspelled the timezone identifier. We selected 'UTC' for '8.0/no DST' instead Log.class.php 第 88 行.
[ 2012-07-29T04:23:41+00:00 ] NOTIC: [8] date_default_timezone_set() [<a href='function.date-default-timezone-set'>function.date-default-timezone-set</a>]: Timezone ID '' is invalid App.class.php 第 57 行.
[ 2012-07-29T04:23:41+00:00 ] NOTIC: [2] highlight_file(D:\www\html\web\devephp\trunk\php/Controller/Demo/DemoHello.class.php) [<a href='function.highlight-file'>function.highlight-file</a>]: failed to open stream: No such file or directory 0e9b91cdad15701744bfc7a06aab1973.php 第 17 行.
[ 2012-07-29T04:23:41+00:00 ] NOTIC: [2] highlight_file() [<a href='function.highlight-file'>function.highlight-file</a>]: Failed opening 'D:\www\html\web\devephp\trunk\php/Controller/Demo/DemoHello.class.php' for highlighting 0e9b91cdad15701744bfc7a06aab1973.php 第 17 行.
[ 2012-07-29T04:23:41+00:00 ] NOTIC: [2048] date() [<a href='function.date'>function.date</a>]: It is not safe to rely on the system's timezone settings. Please use the date.timezone setting, the TZ environment variable or the date_default_timezone_set() function. In case you used any of those methods and you are still getting this warning, you most likely misspelled the timezone identifier. We selected 'UTC' for '8.0/no DST' instead Log.class.php 第 88 行.
[ 2012-07-29T04:23:49+00:00 ] NOTIC: [8] date_default_timezone_set() [<a href='function.date-default-timezone-set'>function.date-default-timezone-set</a>]: Timezone ID '' is invalid App.class.php 第 57 行.
[ 2012-07-29T04:23:49+00:00 ] NOTIC: [2] highlight_file(D:\www\html\web\devephp\trunk\php/Controller/Demo/DemoHello.class.php) [<a href='function.highlight-file'>function.highlight-file</a>]: failed to open stream: No such file or directory 0e9b91cdad15701744bfc7a06aab1973.php 第 17 行.
[ 2012-07-29T04:23:49+00:00 ] NOTIC: [2] highlight_file() [<a href='function.highlight-file'>function.highlight-file</a>]: Failed opening 'D:\www\html\web\devephp\trunk\php/Controller/Demo/DemoHello.class.php' for highlighting 0e9b91cdad15701744bfc7a06aab1973.php 第 17 行.
[ 2012-07-29T04:23:49+00:00 ] NOTIC: [2048] date() [<a href='function.date'>function.date</a>]: It is not safe to rely on the system's timezone settings. Please use the date.timezone setting, the TZ environment variable or the date_default_timezone_set() function. In case you used any of those methods and you are still getting this warning, you most likely misspelled the timezone identifier. We selected 'UTC' for '8.0/no DST' instead Log.class.php 第 88 行.
[ 2012-07-29T04:23:50+00:00 ] NOTIC: [8] date_default_timezone_set() [<a href='function.date-default-timezone-set'>function.date-default-timezone-set</a>]: Timezone ID '' is invalid App.class.php 第 57 行.
[ 2012-07-29T04:23:50+00:00 ] NOTIC: [2] highlight_file(D:\www\html\web\devephp\trunk\php/Controller/Demo/DemoHello.class.php) [<a href='function.highlight-file'>function.highlight-file</a>]: failed to open stream: No such file or directory 0e9b91cdad15701744bfc7a06aab1973.php 第 17 行.
[ 2012-07-29T04:23:50+00:00 ] NOTIC: [2] highlight_file() [<a href='function.highlight-file'>function.highlight-file</a>]: Failed opening 'D:\www\html\web\devephp\trunk\php/Controller/Demo/DemoHello.class.php' for highlighting 0e9b91cdad15701744bfc7a06aab1973.php 第 17 行.
[ 2012-07-29T04:23:50+00:00 ] NOTIC: [2048] date() [<a href='function.date'>function.date</a>]: It is not safe to rely on the system's timezone settings. Please use the date.timezone setting, the TZ environment variable or the date_default_timezone_set() function. In case you used any of those methods and you are still getting this warning, you most likely misspelled the timezone identifier. We selected 'UTC' for '8.0/no DST' instead Log.class.php 第 88 行.
[ 2012-07-29T04:23:51+00:00 ] NOTIC: [8] date_default_timezone_set() [<a href='function.date-default-timezone-set'>function.date-default-timezone-set</a>]: Timezone ID '' is invalid App.class.php 第 57 行.
[ 2012-07-29T04:23:51+00:00 ] NOTIC: [2] highlight_file(D:\www\html\web\devephp\trunk\php/Controller/Demo/DemoHello.class.php) [<a href='function.highlight-file'>function.highlight-file</a>]: failed to open stream: No such file or directory 0e9b91cdad15701744bfc7a06aab1973.php 第 17 行.
[ 2012-07-29T04:23:51+00:00 ] NOTIC: [2] highlight_file() [<a href='function.highlight-file'>function.highlight-file</a>]: Failed opening 'D:\www\html\web\devephp\trunk\php/Controller/Demo/DemoHello.class.php' for highlighting 0e9b91cdad15701744bfc7a06aab1973.php 第 17 行.
[ 2012-07-29T04:23:51+00:00 ] NOTIC: [2048] date() [<a href='function.date'>function.date</a>]: It is not safe to rely on the system's timezone settings. Please use the date.timezone setting, the TZ environment variable or the date_default_timezone_set() function. In case you used any of those methods and you are still getting this warning, you most likely misspelled the timezone identifier. We selected 'UTC' for '8.0/no DST' instead Log.class.php 第 88 行.
[ 2012-07-29T04:24:09+00:00 ] NOTIC: [8] date_default_timezone_set() [<a href='function.date-default-timezone-set'>function.date-default-timezone-set</a>]: Timezone ID '' is invalid App.class.php 第 57 行.
[ 2012-07-29T04:24:09+00:00 ] NOTIC: [2] highlight_file(D:\www\html\web\devephp\trunk\php/Controller/Demo/DemoHello.class.php) [<a href='function.highlight-file'>function.highlight-file</a>]: failed to open stream: No such file or directory 0e9b91cdad15701744bfc7a06aab1973.php 第 17 行.
[ 2012-07-29T04:24:09+00:00 ] NOTIC: [2] highlight_file() [<a href='function.highlight-file'>function.highlight-file</a>]: Failed opening 'D:\www\html\web\devephp\trunk\php/Controller/Demo/DemoHello.class.php' for highlighting 0e9b91cdad15701744bfc7a06aab1973.php 第 17 行.
[ 2012-07-29T04:24:09+00:00 ] NOTIC: [2048] date() [<a href='function.date'>function.date</a>]: It is not safe to rely on the system's timezone settings. Please use the date.timezone setting, the TZ environment variable or the date_default_timezone_set() function. In case you used any of those methods and you are still getting this warning, you most likely misspelled the timezone identifier. We selected 'UTC' for '8.0/no DST' instead Log.class.php 第 88 行.
[ 2012-07-29T04:24:10+00:00 ] NOTIC: [8] date_default_timezone_set() [<a href='function.date-default-timezone-set'>function.date-default-timezone-set</a>]: Timezone ID '' is invalid App.class.php 第 57 行.
[ 2012-07-29T04:24:10+00:00 ] NOTIC: [2] highlight_file(D:\www\html\web\devephp\trunk\php/Controller/Demo/DemoHello.class.php) [<a href='function.highlight-file'>function.highlight-file</a>]: failed to open stream: No such file or directory 0e9b91cdad15701744bfc7a06aab1973.php 第 17 行.
[ 2012-07-29T04:24:10+00:00 ] NOTIC: [2] highlight_file() [<a href='function.highlight-file'>function.highlight-file</a>]: Failed opening 'D:\www\html\web\devephp\trunk\php/Controller/Demo/DemoHello.class.php' for highlighting 0e9b91cdad15701744bfc7a06aab1973.php 第 17 行.
[ 2012-07-29T04:24:10+00:00 ] NOTIC: [2048] date() [<a href='function.date'>function.date</a>]: It is not safe to rely on the system's timezone settings. Please use the date.timezone setting, the TZ environment variable or the date_default_timezone_set() function. In case you used any of those methods and you are still getting this warning, you most likely misspelled the timezone identifier. We selected 'UTC' for '8.0/no DST' instead Log.class.php 第 88 行.
[ 2012-07-29T04:24:10+00:00 ] NOTIC: [8] date_default_timezone_set() [<a href='function.date-default-timezone-set'>function.date-default-timezone-set</a>]: Timezone ID '' is invalid App.class.php 第 57 行.
[ 2012-07-29T04:24:10+00:00 ] NOTIC: [2] highlight_file(D:\www\html\web\devephp\trunk\php/Controller/Demo/DemoHello.class.php) [<a href='function.highlight-file'>function.highlight-file</a>]: failed to open stream: No such file or directory 0e9b91cdad15701744bfc7a06aab1973.php 第 17 行.
[ 2012-07-29T04:24:10+00:00 ] NOTIC: [2] highlight_file() [<a href='function.highlight-file'>function.highlight-file</a>]: Failed opening 'D:\www\html\web\devephp\trunk\php/Controller/Demo/DemoHello.class.php' for highlighting 0e9b91cdad15701744bfc7a06aab1973.php 第 17 行.
[ 2012-07-29T04:24:10+00:00 ] NOTIC: [2048] date() [<a href='function.date'>function.date</a>]: It is not safe to rely on the system's timezone settings. Please use the date.timezone setting, the TZ environment variable or the date_default_timezone_set() function. In case you used any of those methods and you are still getting this warning, you most likely misspelled the timezone identifier. We selected 'UTC' for '8.0/no DST' instead Log.class.php 第 88 行.
[ 2012-07-29T04:24:11+00:00 ] NOTIC: [8] date_default_timezone_set() [<a href='function.date-default-timezone-set'>function.date-default-timezone-set</a>]: Timezone ID '' is invalid App.class.php 第 57 行.
[ 2012-07-29T04:24:11+00:00 ] NOTIC: [2] highlight_file(D:\www\html\web\devephp\trunk\php/Controller/Demo/DemoHello.class.php) [<a href='function.highlight-file'>function.highlight-file</a>]: failed to open stream: No such file or directory 0e9b91cdad15701744bfc7a06aab1973.php 第 17 行.
[ 2012-07-29T04:24:11+00:00 ] NOTIC: [2] highlight_file() [<a href='function.highlight-file'>function.highlight-file</a>]: Failed opening 'D:\www\html\web\devephp\trunk\php/Controller/Demo/DemoHello.class.php' for highlighting 0e9b91cdad15701744bfc7a06aab1973.php 第 17 行.
[ 2012-07-29T04:24:11+00:00 ] NOTIC: [2048] date() [<a href='function.date'>function.date</a>]: It is not safe to rely on the system's timezone settings. Please use the date.timezone setting, the TZ environment variable or the date_default_timezone_set() function. In case you used any of those methods and you are still getting this warning, you most likely misspelled the timezone identifier. We selected 'UTC' for '8.0/no DST' instead Log.class.php 第 88 行.
[ 2012-07-29T04:24:52+00:00 ] NOTIC: [8] date_default_timezone_set() [<a href='function.date-default-timezone-set'>function.date-default-timezone-set</a>]: Timezone ID '' is invalid App.class.php 第 57 行.
[ 2012-07-29T04:24:52+00:00 ] NOTIC: [2048] date() [<a href='function.date'>function.date</a>]: It is not safe to rely on the system's timezone settings. Please use the date.timezone setting, the TZ environment variable or the date_default_timezone_set() function. In case you used any of those methods and you are still getting this warning, you most likely misspelled the timezone identifier. We selected 'UTC' for '8.0/no DST' instead Log.class.php 第 88 行.
[ 2012-07-29T04:25:05+00:00 ] NOTIC: [8] date_default_timezone_set() [<a href='function.date-default-timezone-set'>function.date-default-timezone-set</a>]: Timezone ID '' is invalid App.class.php 第 57 行.
[ 2012-07-29T04:25:05+00:00 ] NOTIC: [2048] date() [<a href='function.date'>function.date</a>]: It is not safe to rely on the system's timezone settings. Please use the date.timezone setting, the TZ environment variable or the date_default_timezone_set() function. In case you used any of those methods and you are still getting this warning, you most likely misspelled the timezone identifier. We selected 'UTC' for '8.0/no DST' instead Log.class.php 第 88 行.
[ 2012-07-29T04:25:06+00:00 ] NOTIC: [8] date_default_timezone_set() [<a href='function.date-default-timezone-set'>function.date-default-timezone-set</a>]: Timezone ID '' is invalid App.class.php 第 57 行.
[ 2012-07-29T04:25:06+00:00 ] NOTIC: [2048] date() [<a href='function.date'>function.date</a>]: It is not safe to rely on the system's timezone settings. Please use the date.timezone setting, the TZ environment variable or the date_default_timezone_set() function. In case you used any of those methods and you are still getting this warning, you most likely misspelled the timezone identifier. We selected 'UTC' for '8.0/no DST' instead Log.class.php 第 88 行.
[ 2012-07-29T04:25:07+00:00 ] NOTIC: [8] date_default_timezone_set() [<a href='function.date-default-timezone-set'>function.date-default-timezone-set</a>]: Timezone ID '' is invalid App.class.php 第 57 行.
[ 2012-07-29T04:25:07+00:00 ] NOTIC: [2048] date() [<a href='function.date'>function.date</a>]: It is not safe to rely on the system's timezone settings. Please use the date.timezone setting, the TZ environment variable or the date_default_timezone_set() function. In case you used any of those methods and you are still getting this warning, you most likely misspelled the timezone identifier. We selected 'UTC' for '8.0/no DST' instead Log.class.php 第 88 行.
[ 2012-07-29T04:26:26+00:00 ] ERR: (DeveException) Index
[ 2012-07-29T04:26:58+00:00 ] ERR: (DeveException) Index
[ 2012-07-29T04:26:59+00:00 ] ERR: (DeveException) : mysql
[ 2012-07-29T04:27:27+00:00 ] ERR: (DeveException) index
[ 2012-07-29T04:28:51+00:00 ] ERR: (DeveException) index
[ 2012-07-29T04:28:52+00:00 ] ERR: (DeveException) index
[ 2012-07-29T04:28:57+00:00 ] ERR: (DeveException) index
[ 2012-07-29T04:28:58+00:00 ] NOTIC: [8] date_default_timezone_set() [<a href='function.date-default-timezone-set'>function.date-default-timezone-set</a>]: Timezone ID '' is invalid App.class.php 第 57 行.
[ 2012-07-29T04:28:59+00:00 ] NOTIC: [2048] date() [<a href='function.date'>function.date</a>]: It is not safe to rely on the system's timezone settings. Please use the date.timezone setting, the TZ environment variable or the date_default_timezone_set() function. In case you used any of those methods and you are still getting this warning, you most likely misspelled the timezone identifier. We selected 'UTC' for '8.0/no DST' instead Log.class.php 第 88 行.
[ 2012-07-29T04:29:00+00:00 ] NOTIC: [8] date_default_timezone_set() [<a href='function.date-default-timezone-set'>function.date-default-timezone-set</a>]: Timezone ID '' is invalid App.class.php 第 57 行.
[ 2012-07-29T04:29:00+00:00 ] NOTIC: [2048] date() [<a href='function.date'>function.date</a>]: It is not safe to rely on the system's timezone settings. Please use the date.timezone setting, the TZ environment variable or the date_default_timezone_set() function. In case you used any of those methods and you are still getting this warning, you most likely misspelled the timezone identifier. We selected 'UTC' for '8.0/no DST' instead Log.class.php 第 88 行.
[ 2012-07-29T04:29:02+00:00 ] NOTIC: [8] date_default_timezone_set() [<a href='function.date-default-timezone-set'>function.date-default-timezone-set</a>]: Timezone ID '' is invalid App.class.php 第 57 行.
[ 2012-07-29T04:29:02+00:00 ] NOTIC: [2048] date() [<a href='function.date'>function.date</a>]: It is not safe to rely on the system's timezone settings. Please use the date.timezone setting, the TZ environment variable or the date_default_timezone_set() function. In case you used any of those methods and you are still getting this warning, you most likely misspelled the timezone identifier. We selected 'UTC' for '8.0/no DST' instead Log.class.php 第 88 行.
[ 2012-07-29T04:29:48+00:00 ] NOTIC: [8] date_default_timezone_set() [<a href='function.date-default-timezone-set'>function.date-default-timezone-set</a>]: Timezone ID '' is invalid App.class.php 第 57 行.
[ 2012-07-29T04:29:48+00:00 ] NOTIC: [2] Cannot modify header information - headers already sent by (output started at D:\www\html\web\devephp\trunk\php\Controller\Index\IndexHello.class.php:5) View.class.php 第 172 行.
[ 2012-07-29T04:29:48+00:00 ] NOTIC: [2] Cannot modify header information - headers already sent by (output started at D:\www\html\web\devephp\trunk\php\Controller\Index\IndexHello.class.php:5) View.class.php 第 173 行.
[ 2012-07-29T04:29:48+00:00 ] NOTIC: [2048] date() [<a href='function.date'>function.date</a>]: It is not safe to rely on the system's timezone settings. Please use the date.timezone setting, the TZ environment variable or the date_default_timezone_set() function. In case you used any of those methods and you are still getting this warning, you most likely misspelled the timezone identifier. We selected 'UTC' for '8.0/no DST' instead Log.class.php 第 88 行.
[ 2012-07-29T04:29:54+00:00 ] NOTIC: [8] date_default_timezone_set() [<a href='function.date-default-timezone-set'>function.date-default-timezone-set</a>]: Timezone ID '' is invalid App.class.php 第 57 行.
[ 2012-07-29T04:29:54+00:00 ] NOTIC: [2] Cannot modify header information - headers already sent by (output started at D:\www\html\web\devephp\trunk\php\Controller\Index\IndexHello.class.php:5) View.class.php 第 172 行.
[ 2012-07-29T04:29:54+00:00 ] NOTIC: [2] Cannot modify header information - headers already sent by (output started at D:\www\html\web\devephp\trunk\php\Controller\Index\IndexHello.class.php:5) View.class.php 第 173 行.
[ 2012-07-29T04:29:54+00:00 ] NOTIC: [2048] date() [<a href='function.date'>function.date</a>]: It is not safe to rely on the system's timezone settings. Please use the date.timezone setting, the TZ environment variable or the date_default_timezone_set() function. In case you used any of those methods and you are still getting this warning, you most likely misspelled the timezone identifier. We selected 'UTC' for '8.0/no DST' instead Log.class.php 第 88 行.
[ 2012-07-29T04:30:01+00:00 ] NOTIC: [8] date_default_timezone_set() [<a href='function.date-default-timezone-set'>function.date-default-timezone-set</a>]: Timezone ID '' is invalid App.class.php 第 57 行.
[ 2012-07-29T04:30:01+00:00 ] NOTIC: [2] Cannot modify header information - headers already sent by (output started at D:\www\html\web\devephp\trunk\php\Controller\Index\IndexHello.class.php:5) View.class.php 第 172 行.
[ 2012-07-29T04:30:01+00:00 ] NOTIC: [2] Cannot modify header information - headers already sent by (output started at D:\www\html\web\devephp\trunk\php\Controller\Index\IndexHello.class.php:5) View.class.php 第 173 行.
[ 2012-07-29T04:30:01+00:00 ] NOTIC: [2048] date() [<a href='function.date'>function.date</a>]: It is not safe to rely on the system's timezone settings. Please use the date.timezone setting, the TZ environment variable or the date_default_timezone_set() function. In case you used any of those methods and you are still getting this warning, you most likely misspelled the timezone identifier. We selected 'UTC' for '8.0/no DST' instead Log.class.php 第 88 行.
[ 2012-07-29T04:30:02+00:00 ] ERR: (DeveException) Index
[ 2012-07-29T04:30:03+00:00 ] NOTIC: [8] date_default_timezone_set() [<a href='function.date-default-timezone-set'>function.date-default-timezone-set</a>]: Timezone ID '' is invalid App.class.php 第 57 行.
[ 2012-07-29T04:30:03+00:00 ] NOTIC: [2] Cannot modify header information - headers already sent by (output started at D:\www\html\web\devephp\trunk\php\Controller\Index\IndexHello.class.php:5) View.class.php 第 172 行.
[ 2012-07-29T04:30:03+00:00 ] NOTIC: [2] Cannot modify header information - headers already sent by (output started at D:\www\html\web\devephp\trunk\php\Controller\Index\IndexHello.class.php:5) View.class.php 第 173 行.
[ 2012-07-29T04:30:03+00:00 ] NOTIC: [2048] date() [<a href='function.date'>function.date</a>]: It is not safe to rely on the system's timezone settings. Please use the date.timezone setting, the TZ environment variable or the date_default_timezone_set() function. In case you used any of those methods and you are still getting this warning, you most likely misspelled the timezone identifier. We selected 'UTC' for '8.0/no DST' instead Log.class.php 第 88 行.
[ 2012-07-29T04:30:20+00:00 ] ERR: (DeveException) Index
[ 2012-07-29T04:30:21+00:00 ] NOTIC: [8] date_default_timezone_set() [<a href='function.date-default-timezone-set'>function.date-default-timezone-set</a>]: Timezone ID '' is invalid App.class.php 第 57 行.
[ 2012-07-29T04:30:21+00:00 ] NOTIC: [2] Cannot modify header information - headers already sent by (output started at D:\www\html\web\devephp\trunk\php\Controller\Index\IndexHello.class.php:5) View.class.php 第 172 行.
[ 2012-07-29T04:30:21+00:00 ] NOTIC: [2] Cannot modify header information - headers already sent by (output started at D:\www\html\web\devephp\trunk\php\Controller\Index\IndexHello.class.php:5) View.class.php 第 173 行.
[ 2012-07-29T04:30:21+00:00 ] NOTIC: [2048] date() [<a href='function.date'>function.date</a>]: It is not safe to rely on the system's timezone settings. Please use the date.timezone setting, the TZ environment variable or the date_default_timezone_set() function. In case you used any of those methods and you are still getting this warning, you most likely misspelled the timezone identifier. We selected 'UTC' for '8.0/no DST' instead Log.class.php 第 88 行.
[ 2012-07-29T04:30:22+00:00 ] ERR: (DeveException) Index
[ 2012-07-29T04:30:28+00:00 ] ERR: (DeveException) Index
[ 2012-07-29T04:30:30+00:00 ] ERR: (DeveException) Index
[ 2012-07-29T04:30:31+00:00 ] ERR: (DeveException) Index
[ 2012-07-29T04:30:31+00:00 ] NOTIC: [8] date_default_timezone_set() [<a href='function.date-default-timezone-set'>function.date-default-timezone-set</a>]: Timezone ID '' is invalid App.class.php 第 57 行.
[ 2012-07-29T04:30:32+00:00 ] NOTIC: [2] Cannot modify header information - headers already sent by (output started at D:\www\html\web\devephp\trunk\php\Controller\Index\IndexHello.class.php:5) View.class.php 第 172 行.
[ 2012-07-29T04:30:32+00:00 ] NOTIC: [2] Cannot modify header information - headers already sent by (output started at D:\www\html\web\devephp\trunk\php\Controller\Index\IndexHello.class.php:5) View.class.php 第 173 行.
[ 2012-07-29T04:30:32+00:00 ] NOTIC: [2048] date() [<a href='function.date'>function.date</a>]: It is not safe to rely on the system's timezone settings. Please use the date.timezone setting, the TZ environment variable or the date_default_timezone_set() function. In case you used any of those methods and you are still getting this warning, you most likely misspelled the timezone identifier. We selected 'UTC' for '8.0/no DST' instead Log.class.php 第 88 行.
[ 2012-07-29T04:30:32+00:00 ] ERR: (DeveException) Index
[ 2012-07-29T04:31:37+00:00 ] ERR: (DeveException) Index
[ 2012-07-29T04:31:38+00:00 ] ERR: (DeveException) Index
[ 2012-07-29T04:31:38+00:00 ] ERR: (DeveException) Index
[ 2012-07-29T04:31:38+00:00 ] ERR: (DeveException) Index
[ 2012-07-29T04:31:38+00:00 ] ERR: (DeveException) Index
[ 2012-07-29T04:31:39+00:00 ] ERR: (DeveException) Index
[ 2012-07-29T04:31:39+00:00 ] ERR: (DeveException) Index
[ 2012-07-29T04:31:39+00:00 ] ERR: (DeveException) Index
[ 2012-07-29T04:31:39+00:00 ] ERR: (DeveException) Index
[ 2012-07-29T04:31:39+00:00 ] ERR: (DeveException) Index
[ 2012-07-29T04:31:40+00:00 ] ERR: (DeveException) Index
[ 2012-07-29T04:31:40+00:00 ] ERR: (DeveException) Index
[ 2012-07-29T04:31:40+00:00 ] ERR: (DeveException) Index
[ 2012-07-29T04:32:39+00:00 ] ERR: (DeveException) Index
[ 2012-07-29T04:34:22+00:00 ] NOTIC: [8] date_default_timezone_set() [<a href='function.date-default-timezone-set'>function.date-default-timezone-set</a>]: Timezone ID '' is invalid App.class.php 第 57 行.
[ 2012-07-29T04:34:22+00:00 ] NOTIC: [2] Cannot modify header information - headers already sent by (output started at D:\www\html\web\devephp\trunk\php\Controller\Index\IndexHello.class.php:5) View.class.php 第 172 行.
[ 2012-07-29T04:34:22+00:00 ] NOTIC: [2] Cannot modify header information - headers already sent by (output started at D:\www\html\web\devephp\trunk\php\Controller\Index\IndexHello.class.php:5) View.class.php 第 173 行.
[ 2012-07-29T04:34:22+00:00 ] NOTIC: [2048] date() [<a href='function.date'>function.date</a>]: It is not safe to rely on the system's timezone settings. Please use the date.timezone setting, the TZ environment variable or the date_default_timezone_set() function. In case you used any of those methods and you are still getting this warning, you most likely misspelled the timezone identifier. We selected 'UTC' for '8.0/no DST' instead Log.class.php 第 88 行.
[ 2012-07-29T04:34:23+00:00 ] ERR: (DeveException) Index
[ 2012-07-29T04:34:27+00:00 ] ERR: (DeveException) Demo
[ 2012-07-29T04:34:32+00:00 ] ERR: (DeveException) Demo
[ 2012-07-29T04:34:34+00:00 ] ERR: (DeveException) Demo
[ 2012-07-29T04:34:35+00:00 ] ERR: (DeveException) Demo
[ 2012-07-29T04:34:35+00:00 ] ERR: (DeveException) Demo
[ 2012-07-29T04:36:57+00:00 ] ERR: (DeveException) Demo
[ 2012-07-29T04:36:58+00:00 ] ERR: (DeveException) Demo
[ 2012-07-29T04:36:58+00:00 ] ERR: (DeveException) Demo
[ 2012-07-29T04:36:59+00:00 ] ERR: (DeveException) Demo
[ 2012-07-29T04:36:59+00:00 ] ERR: (DeveException) Demo
[ 2012-07-29T04:36:59+00:00 ] ERR: (DeveException) Demo
[ 2012-07-29T04:37:26+00:00 ] NOTIC: [8] date_default_timezone_set() [<a href='function.date-default-timezone-set'>function.date-default-timezone-set</a>]: Timezone ID '' is invalid App.class.php 第 57 行.
[ 2012-07-29T04:37:26+00:00 ] NOTIC: [2] Cannot modify header information - headers already sent by (output started at D:\www\html\web\devephp\trunk\php\Controller\Index\IndexHello.class.php:5) View.class.php 第 172 行.
[ 2012-07-29T04:37:26+00:00 ] NOTIC: [2] Cannot modify header information - headers already sent by (output started at D:\www\html\web\devephp\trunk\php\Controller\Index\IndexHello.class.php:5) View.class.php 第 173 行.
[ 2012-07-29T04:37:26+00:00 ] NOTIC: [2048] date() [<a href='function.date'>function.date</a>]: It is not safe to rely on the system's timezone settings. Please use the date.timezone setting, the TZ environment variable or the date_default_timezone_set() function. In case you used any of those methods and you are still getting this warning, you most likely misspelled the timezone identifier. We selected 'UTC' for '8.0/no DST' instead Log.class.php 第 88 行.
[ 2012-07-29T04:40:59+00:00 ] NOTIC: [8] date_default_timezone_set() [<a href='function.date-default-timezone-set'>function.date-default-timezone-set</a>]: Timezone ID '' is invalid App.class.php 第 57 行.
[ 2012-07-29T04:40:59+00:00 ] NOTIC: [2048] date() [<a href='function.date'>function.date</a>]: It is not safe to rely on the system's timezone settings. Please use the date.timezone setting, the TZ environment variable or the date_default_timezone_set() function. In case you used any of those methods and you are still getting this warning, you most likely misspelled the timezone identifier. We selected 'UTC' for '8.0/no DST' instead Log.class.php 第 88 行.
[ 2012-07-29T04:41:10+00:00 ] NOTIC: [8] date_default_timezone_set() [<a href='function.date-default-timezone-set'>function.date-default-timezone-set</a>]: Timezone ID '' is invalid App.class.php 第 57 行.
[ 2012-07-29T04:41:10+00:00 ] NOTIC: [2048] date() [<a href='function.date'>function.date</a>]: It is not safe to rely on the system's timezone settings. Please use the date.timezone setting, the TZ environment variable or the date_default_timezone_set() function. In case you used any of those methods and you are still getting this warning, you most likely misspelled the timezone identifier. We selected 'UTC' for '8.0/no DST' instead Log.class.php 第 88 行.
[ 2012-07-29T04:41:12+00:00 ] NOTIC: [8] date_default_timezone_set() [<a href='function.date-default-timezone-set'>function.date-default-timezone-set</a>]: Timezone ID '' is invalid App.class.php 第 57 行.
[ 2012-07-29T04:41:12+00:00 ] NOTIC: [2048] date() [<a href='function.date'>function.date</a>]: It is not safe to rely on the system's timezone settings. Please use the date.timezone setting, the TZ environment variable or the date_default_timezone_set() function. In case you used any of those methods and you are still getting this warning, you most likely misspelled the timezone identifier. We selected 'UTC' for '8.0/no DST' instead Log.class.php 第 88 行.
[ 2012-07-29T04:41:15+00:00 ] NOTIC: [8] date_default_timezone_set() [<a href='function.date-default-timezone-set'>function.date-default-timezone-set</a>]: Timezone ID '' is invalid App.class.php 第 57 行.
[ 2012-07-29T04:41:15+00:00 ] NOTIC: [2048] date() [<a href='function.date'>function.date</a>]: It is not safe to rely on the system's timezone settings. Please use the date.timezone setting, the TZ environment variable or the date_default_timezone_set() function. In case you used any of those methods and you are still getting this warning, you most likely misspelled the timezone identifier. We selected 'UTC' for '8.0/no DST' instead Log.class.php 第 88 行.
[ 2012-07-29T04:41:21+00:00 ] NOTIC: [8] date_default_timezone_set() [<a href='function.date-default-timezone-set'>function.date-default-timezone-set</a>]: Timezone ID '' is invalid App.class.php 第 57 行.
[ 2012-07-29T04:41:21+00:00 ] NOTIC: [2048] date() [<a href='function.date'>function.date</a>]: It is not safe to rely on the system's timezone settings. Please use the date.timezone setting, the TZ environment variable or the date_default_timezone_set() function. In case you used any of those methods and you are still getting this warning, you most likely misspelled the timezone identifier. We selected 'UTC' for '8.0/no DST' instead Log.class.php 第 88 行.
[ 2012-07-29T04:41:24+00:00 ] NOTIC: [8] date_default_timezone_set() [<a href='function.date-default-timezone-set'>function.date-default-timezone-set</a>]: Timezone ID '' is invalid App.class.php 第 57 行.
[ 2012-07-29T04:41:24+00:00 ] NOTIC: [2048] date() [<a href='function.date'>function.date</a>]: It is not safe to rely on the system's timezone settings. Please use the date.timezone setting, the TZ environment variable or the date_default_timezone_set() function. In case you used any of those methods and you are still getting this warning, you most likely misspelled the timezone identifier. We selected 'UTC' for '8.0/no DST' instead Log.class.php 第 88 行.
[ 2012-07-29T04:41:27+00:00 ] NOTIC: [8] date_default_timezone_set() [<a href='function.date-default-timezone-set'>function.date-default-timezone-set</a>]: Timezone ID '' is invalid App.class.php 第 57 行.
[ 2012-07-29T04:41:27+00:00 ] NOTIC: [2048] date() [<a href='function.date'>function.date</a>]: It is not safe to rely on the system's timezone settings. Please use the date.timezone setting, the TZ environment variable or the date_default_timezone_set() function. In case you used any of those methods and you are still getting this warning, you most likely misspelled the timezone identifier. We selected 'UTC' for '8.0/no DST' instead Log.class.php 第 88 行.
[ 2012-07-29T04:41:30+00:00 ] NOTIC: [8] date_default_timezone_set() [<a href='function.date-default-timezone-set'>function.date-default-timezone-set</a>]: Timezone ID '' is invalid App.class.php 第 57 行.
[ 2012-07-29T04:41:30+00:00 ] NOTIC: [2048] date() [<a href='function.date'>function.date</a>]: It is not safe to rely on the system's timezone settings. Please use the date.timezone setting, the TZ environment variable or the date_default_timezone_set() function. In case you used any of those methods and you are still getting this warning, you most likely misspelled the timezone identifier. We selected 'UTC' for '8.0/no DST' instead Log.class.php 第 88 行.
[ 2012-07-29T04:41:33+00:00 ] NOTIC: [8] date_default_timezone_set() [<a href='function.date-default-timezone-set'>function.date-default-timezone-set</a>]: Timezone ID '' is invalid App.class.php 第 57 行.
[ 2012-07-29T04:41:33+00:00 ] NOTIC: [2048] date() [<a href='function.date'>function.date</a>]: It is not safe to rely on the system's timezone settings. Please use the date.timezone setting, the TZ environment variable or the date_default_timezone_set() function. In case you used any of those methods and you are still getting this warning, you most likely misspelled the timezone identifier. We selected 'UTC' for '8.0/no DST' instead Log.class.php 第 88 行.
[ 2012-07-29T04:41:35+00:00 ] NOTIC: [8] date_default_timezone_set() [<a href='function.date-default-timezone-set'>function.date-default-timezone-set</a>]: Timezone ID '' is invalid App.class.php 第 57 行.
[ 2012-07-29T04:41:36+00:00 ] NOTIC: [2048] date() [<a href='function.date'>function.date</a>]: It is not safe to rely on the system's timezone settings. Please use the date.timezone setting, the TZ environment variable or the date_default_timezone_set() function. In case you used any of those methods and you are still getting this warning, you most likely misspelled the timezone identifier. We selected 'UTC' for '8.0/no DST' instead Log.class.php 第 88 行.
[ 2012-07-29T04:41:47+00:00 ] NOTIC: [8] date_default_timezone_set() [<a href='function.date-default-timezone-set'>function.date-default-timezone-set</a>]: Timezone ID '' is invalid App.class.php 第 57 行.
[ 2012-07-29T04:41:47+00:00 ] NOTIC: [2048] date() [<a href='function.date'>function.date</a>]: It is not safe to rely on the system's timezone settings. Please use the date.timezone setting, the TZ environment variable or the date_default_timezone_set() function. In case you used any of those methods and you are still getting this warning, you most likely misspelled the timezone identifier. We selected 'UTC' for '8.0/no DST' instead Log.class.php 第 88 行.
[ 2012-07-29T04:41:47+00:00 ] NOTIC: [2048] date() [<a href='function.date'>function.date</a>]: It is not safe to rely on the system's timezone settings. Please use the date.timezone setting, the TZ environment variable or the date_default_timezone_set() function. In case you used any of those methods and you are still getting this warning, you most likely misspelled the timezone identifier. We selected 'UTC' for '8.0/no DST' instead Log.class.php 第 88 行.
[ 2012-07-29T04:41:49+00:00 ] NOTIC: [8] date_default_timezone_set() [<a href='function.date-default-timezone-set'>function.date-default-timezone-set</a>]: Timezone ID '' is invalid App.class.php 第 57 行.
[ 2012-07-29T04:41:50+00:00 ] NOTIC: [2048] date() [<a href='function.date'>function.date</a>]: It is not safe to rely on the system's timezone settings. Please use the date.timezone setting, the TZ environment variable or the date_default_timezone_set() function. In case you used any of those methods and you are still getting this warning, you most likely misspelled the timezone identifier. We selected 'UTC' for '8.0/no DST' instead Log.class.php 第 88 行.
[ 2012-07-29T04:41:50+00:00 ] NOTIC: [2048] date() [<a href='function.date'>function.date</a>]: It is not safe to rely on the system's timezone settings. Please use the date.timezone setting, the TZ environment variable or the date_default_timezone_set() function. In case you used any of those methods and you are still getting this warning, you most likely misspelled the timezone identifier. We selected 'UTC' for '8.0/no DST' instead Log.class.php 第 88 行.
[ 2012-07-29T04:41:54+00:00 ] NOTIC: [8] date_default_timezone_set() [<a href='function.date-default-timezone-set'>function.date-default-timezone-set</a>]: Timezone ID '' is invalid App.class.php 第 57 行.
[ 2012-07-29T04:41:54+00:00 ] NOTIC: [2048] date() [<a href='function.date'>function.date</a>]: It is not safe to rely on the system's timezone settings. Please use the date.timezone setting, the TZ environment variable or the date_default_timezone_set() function. In case you used any of those methods and you are still getting this warning, you most likely misspelled the timezone identifier. We selected 'UTC' for '8.0/no DST' instead Log.class.php 第 88 行.
[ 2012-07-29T04:41:54+00:00 ] NOTIC: [2048] date() [<a href='function.date'>function.date</a>]: It is not safe to rely on the system's timezone settings. Please use the date.timezone setting, the TZ environment variable or the date_default_timezone_set() function. In case you used any of those methods and you are still getting this warning, you most likely misspelled the timezone identifier. We selected 'UTC' for '8.0/no DST' instead Log.class.php 第 88 行.
[ 2012-07-29T04:43:02+00:00 ] NOTIC: [8] date_default_timezone_set() [<a href='function.date-default-timezone-set'>function.date-default-timezone-set</a>]: Timezone ID '' is invalid App.class.php 第 57 行.
[ 2012-07-29T04:43:02+00:00 ] NOTIC: [2048] date() [<a href='function.date'>function.date</a>]: It is not safe to rely on the system's timezone settings. Please use the date.timezone setting, the TZ environment variable or the date_default_timezone_set() function. In case you used any of those methods and you are still getting this warning, you most likely misspelled the timezone identifier. We selected 'UTC' for '8.0/no DST' instead Log.class.php 第 88 行.
[ 2012-07-29T04:43:05+00:00 ] NOTIC: [8] date_default_timezone_set() [<a href='function.date-default-timezone-set'>function.date-default-timezone-set</a>]: Timezone ID '' is invalid App.class.php 第 57 行.
[ 2012-07-29T04:43:05+00:00 ] NOTIC: [2048] date() [<a href='function.date'>function.date</a>]: It is not safe to rely on the system's timezone settings. Please use the date.timezone setting, the TZ environment variable or the date_default_timezone_set() function. In case you used any of those methods and you are still getting this warning, you most likely misspelled the timezone identifier. We selected 'UTC' for '8.0/no DST' instead Log.class.php 第 88 行.
[ 2012-07-29T04:45:07+00:00 ] NOTIC: [8] date_default_timezone_set() [<a href='function.date-default-timezone-set'>function.date-default-timezone-set</a>]: Timezone ID '' is invalid App.class.php 第 57 行.
[ 2012-07-29T04:45:07+00:00 ] NOTIC: [2048] date() [<a href='function.date'>function.date</a>]: It is not safe to rely on the system's timezone settings. Please use the date.timezone setting, the TZ environment variable or the date_default_timezone_set() function. In case you used any of those methods and you are still getting this warning, you most likely misspelled the timezone identifier. We selected 'UTC' for '8.0/no DST' instead Log.class.php 第 88 行.
[ 2012-07-29T04:45:20+00:00 ] NOTIC: [8] date_default_timezone_set() [<a href='function.date-default-timezone-set'>function.date-default-timezone-set</a>]: Timezone ID '' is invalid App.class.php 第 57 行.
[ 2012-07-29T04:45:20+00:00 ] NOTIC: [2048] date() [<a href='function.date'>function.date</a>]: It is not safe to rely on the system's timezone settings. Please use the date.timezone setting, the TZ environment variable or the date_default_timezone_set() function. In case you used any of those methods and you are still getting this warning, you most likely misspelled the timezone identifier. We selected 'UTC' for '8.0/no DST' instead Log.class.php 第 88 行.
[ 2012-07-29T04:45:58+00:00 ] NOTIC: [8] date_default_timezone_set() [<a href='function.date-default-timezone-set'>function.date-default-timezone-set</a>]: Timezone ID '' is invalid App.class.php 第 57 行.
[ 2012-07-29T04:45:58+00:00 ] NOTIC: [2048] date() [<a href='function.date'>function.date</a>]: It is not safe to rely on the system's timezone settings. Please use the date.timezone setting, the TZ environment variable or the date_default_timezone_set() function. In case you used any of those methods and you are still getting this warning, you most likely misspelled the timezone identifier. We selected 'UTC' for '8.0/no DST' instead Log.class.php 第 88 行.
[ 2012-07-29T04:46:22+00:00 ] NOTIC: [8] date_default_timezone_set() [<a href='function.date-default-timezone-set'>function.date-default-timezone-set</a>]: Timezone ID '' is invalid App.class.php 第 57 行.
[ 2012-07-29T04:46:22+00:00 ] NOTIC: [2048] date() [<a href='function.date'>function.date</a>]: It is not safe to rely on the system's timezone settings. Please use the date.timezone setting, the TZ environment variable or the date_default_timezone_set() function. In case you used any of those methods and you are still getting this warning, you most likely misspelled the timezone identifier. We selected 'UTC' for '8.0/no DST' instead Log.class.php 第 88 行.
[ 2012-07-29T04:46:25+00:00 ] NOTIC: [8] date_default_timezone_set() [<a href='function.date-default-timezone-set'>function.date-default-timezone-set</a>]: Timezone ID '' is invalid App.class.php 第 57 行.
[ 2012-07-29T04:46:25+00:00 ] NOTIC: [2048] date() [<a href='function.date'>function.date</a>]: It is not safe to rely on the system's timezone settings. Please use the date.timezone setting, the TZ environment variable or the date_default_timezone_set() function. In case you used any of those methods and you are still getting this warning, you most likely misspelled the timezone identifier. We selected 'UTC' for '8.0/no DST' instead Log.class.php 第 88 行.
[ 2012-07-29T04:46:27+00:00 ] NOTIC: [8] date_default_timezone_set() [<a href='function.date-default-timezone-set'>function.date-default-timezone-set</a>]: Timezone ID '' is invalid App.class.php 第 57 行.
[ 2012-07-29T04:46:27+00:00 ] NOTIC: [2048] date() [<a href='function.date'>function.date</a>]: It is not safe to rely on the system's timezone settings. Please use the date.timezone setting, the TZ environment variable or the date_default_timezone_set() function. In case you used any of those methods and you are still getting this warning, you most likely misspelled the timezone identifier. We selected 'UTC' for '8.0/no DST' instead Log.class.php 第 88 行.
[ 2012-07-29T04:51:16+00:00 ] NOTIC: [8] date_default_timezone_set() [<a href='function.date-default-timezone-set'>function.date-default-timezone-set</a>]: Timezone ID '' is invalid App.class.php 第 57 行.
[ 2012-07-29T04:51:16+00:00 ] NOTIC: [2048] date() [<a href='function.date'>function.date</a>]: It is not safe to rely on the system's timezone settings. Please use the date.timezone setting, the TZ environment variable or the date_default_timezone_set() function. In case you used any of those methods and you are still getting this warning, you most likely misspelled the timezone identifier. We selected 'UTC' for '8.0/no DST' instead Log.class.php 第 88 行.
[ 2012-07-29T04:51:18+00:00 ] NOTIC: [8] date_default_timezone_set() [<a href='function.date-default-timezone-set'>function.date-default-timezone-set</a>]: Timezone ID '' is invalid App.class.php 第 57 行.
[ 2012-07-29T04:51:18+00:00 ] NOTIC: [2048] date() [<a href='function.date'>function.date</a>]: It is not safe to rely on the system's timezone settings. Please use the date.timezone setting, the TZ environment variable or the date_default_timezone_set() function. In case you used any of those methods and you are still getting this warning, you most likely misspelled the timezone identifier. We selected 'UTC' for '8.0/no DST' instead Log.class.php 第 88 行.
[ 2012-07-29T04:55:52+00:00 ] NOTIC: [8] date_default_timezone_set() [<a href='function.date-default-timezone-set'>function.date-default-timezone-set</a>]: Timezone ID '' is invalid App.class.php 第 57 行.
[ 2012-07-29T04:55:52+00:00 ] NOTIC: [2048] date() [<a href='function.date'>function.date</a>]: It is not safe to rely on the system's timezone settings. Please use the date.timezone setting, the TZ environment variable or the date_default_timezone_set() function. In case you used any of those methods and you are still getting this warning, you most likely misspelled the timezone identifier. We selected 'UTC' for '8.0/no DST' instead Log.class.php 第 88 行.
[ 2012-07-29T04:56:31+00:00 ] NOTIC: [8] date_default_timezone_set() [<a href='function.date-default-timezone-set'>function.date-default-timezone-set</a>]: Timezone ID '' is invalid App.class.php 第 57 行.
[ 2012-07-29T04:56:31+00:00 ] NOTIC: [2048] date() [<a href='function.date'>function.date</a>]: It is not safe to rely on the system's timezone settings. Please use the date.timezone setting, the TZ environment variable or the date_default_timezone_set() function. In case you used any of those methods and you are still getting this warning, you most likely misspelled the timezone identifier. We selected 'UTC' for '8.0/no DST' instead Log.class.php 第 88 行.
[ 2012-07-29T04:56:48+00:00 ] NOTIC: [8] date_default_timezone_set() [<a href='function.date-default-timezone-set'>function.date-default-timezone-set</a>]: Timezone ID '' is invalid App.class.php 第 57 行.
[ 2012-07-29T04:56:48+00:00 ] NOTIC: [2] Cannot modify header information - headers already sent by (output started at D:\www\html\web\devephp\trunk\php\Controller\Index\IndexHello.class.php:5) View.class.php 第 172 行.
[ 2012-07-29T04:56:48+00:00 ] NOTIC: [2] Cannot modify header information - headers already sent by (output started at D:\www\html\web\devephp\trunk\php\Controller\Index\IndexHello.class.php:5) View.class.php 第 173 行.
[ 2012-07-29T04:56:48+00:00 ] NOTIC: [2048] date() [<a href='function.date'>function.date</a>]: It is not safe to rely on the system's timezone settings. Please use the date.timezone setting, the TZ environment variable or the date_default_timezone_set() function. In case you used any of those methods and you are still getting this warning, you most likely misspelled the timezone identifier. We selected 'UTC' for '8.0/no DST' instead Log.class.php 第 88 行.
[ 2012-07-29T04:56:49+00:00 ] NOTIC: [8] date_default_timezone_set() [<a href='function.date-default-timezone-set'>function.date-default-timezone-set</a>]: Timezone ID '' is invalid App.class.php 第 57 行.
[ 2012-07-29T04:56:49+00:00 ] NOTIC: [2048] date() [<a href='function.date'>function.date</a>]: It is not safe to rely on the system's timezone settings. Please use the date.timezone setting, the TZ environment variable or the date_default_timezone_set() function. In case you used any of those methods and you are still getting this warning, you most likely misspelled the timezone identifier. We selected 'UTC' for '8.0/no DST' instead Log.class.php 第 88 行.
[ 2012-07-29T04:57:19+00:00 ] NOTIC: [8] date_default_timezone_set() [<a href='function.date-default-timezone-set'>function.date-default-timezone-set</a>]: Timezone ID '' is invalid App.class.php 第 57 行.
[ 2012-07-29T04:57:19+00:00 ] NOTIC: [2048] date() [<a href='function.date'>function.date</a>]: It is not safe to rely on the system's timezone settings. Please use the date.timezone setting, the TZ environment variable or the date_default_timezone_set() function. In case you used any of those methods and you are still getting this warning, you most likely misspelled the timezone identifier. We selected 'UTC' for '8.0/no DST' instead Log.class.php 第 88 行.
[ 2012-07-29T04:57:45+00:00 ] NOTIC: [8] date_default_timezone_set() [<a href='function.date-default-timezone-set'>function.date-default-timezone-set</a>]: Timezone ID '' is invalid App.class.php 第 57 行.
[ 2012-07-29T04:57:45+00:00 ] NOTIC: [2048] date() [<a href='function.date'>function.date</a>]: It is not safe to rely on the system's timezone settings. Please use the date.timezone setting, the TZ environment variable or the date_default_timezone_set() function. In case you used any of those methods and you are still getting this warning, you most likely misspelled the timezone identifier. We selected 'UTC' for '8.0/no DST' instead Log.class.php 第 88 行.
[ 2012-07-29T04:57:52+00:00 ] NOTIC: [8] date_default_timezone_set() [<a href='function.date-default-timezone-set'>function.date-default-timezone-set</a>]: Timezone ID '' is invalid App.class.php 第 57 行.
[ 2012-07-29T04:57:52+00:00 ] NOTIC: [2] Cannot modify header information - headers already sent by (output started at D:\www\html\web\devephp\trunk\php\Controller\Index\IndexHello.class.php:5) View.class.php 第 172 行.
[ 2012-07-29T04:57:52+00:00 ] NOTIC: [2] Cannot modify header information - headers already sent by (output started at D:\www\html\web\devephp\trunk\php\Controller\Index\IndexHello.class.php:5) View.class.php 第 173 行.
[ 2012-07-29T04:57:52+00:00 ] NOTIC: [2048] date() [<a href='function.date'>function.date</a>]: It is not safe to rely on the system's timezone settings. Please use the date.timezone setting, the TZ environment variable or the date_default_timezone_set() function. In case you used any of those methods and you are still getting this warning, you most likely misspelled the timezone identifier. We selected 'UTC' for '8.0/no DST' instead Log.class.php 第 88 行.
[ 2012-07-29T04:57:54+00:00 ] NOTIC: [8] date_default_timezone_set() [<a href='function.date-default-timezone-set'>function.date-default-timezone-set</a>]: Timezone ID '' is invalid App.class.php 第 57 行.
[ 2012-07-29T04:57:54+00:00 ] NOTIC: [2048] date() [<a href='function.date'>function.date</a>]: It is not safe to rely on the system's timezone settings. Please use the date.timezone setting, the TZ environment variable or the date_default_timezone_set() function. In case you used any of those methods and you are still getting this warning, you most likely misspelled the timezone identifier. We selected 'UTC' for '8.0/no DST' instead Log.class.php 第 88 行.
[ 2012-07-29T04:58:38+00:00 ] NOTIC: [8] date_default_timezone_set() [<a href='function.date-default-timezone-set'>function.date-default-timezone-set</a>]: Timezone ID '' is invalid App.class.php 第 57 行.
[ 2012-07-29T04:58:38+00:00 ] NOTIC: [2048] date() [<a href='function.date'>function.date</a>]: It is not safe to rely on the system's timezone settings. Please use the date.timezone setting, the TZ environment variable or the date_default_timezone_set() function. In case you used any of those methods and you are still getting this warning, you most likely misspelled the timezone identifier. We selected 'UTC' for '8.0/no DST' instead Log.class.php 第 88 行.
[ 2012-07-29T04:59:17+00:00 ] NOTIC: [8] date_default_timezone_set() [<a href='function.date-default-timezone-set'>function.date-default-timezone-set</a>]: Timezone ID '' is invalid App.class.php 第 57 行.
[ 2012-07-29T04:59:17+00:00 ] NOTIC: [2048] date() [<a href='function.date'>function.date</a>]: It is not safe to rely on the system's timezone settings. Please use the date.timezone setting, the TZ environment variable or the date_default_timezone_set() function. In case you used any of those methods and you are still getting this warning, you most likely misspelled the timezone identifier. We selected 'UTC' for '8.0/no DST' instead IndexLang.class.php 第 7 行.
[ 2012-07-29T04:59:17+00:00 ] NOTIC: [2048] date() [<a href='function.date'>function.date</a>]: It is not safe to rely on the system's timezone settings. Please use the date.timezone setting, the TZ environment variable or the date_default_timezone_set() function. In case you used any of those methods and you are still getting this warning, you most likely misspelled the timezone identifier. We selected 'UTC' for '8.0/no DST' instead Log.class.php 第 88 行.
[ 2012-07-29T04:59:18+00:00 ] NOTIC: [8] date_default_timezone_set() [<a href='function.date-default-timezone-set'>function.date-default-timezone-set</a>]: Timezone ID '' is invalid App.class.php 第 57 行.
[ 2012-07-29T04:59:18+00:00 ] NOTIC: [2048] date() [<a href='function.date'>function.date</a>]: It is not safe to rely on the system's timezone settings. Please use the date.timezone setting, the TZ environment variable or the date_default_timezone_set() function. In case you used any of those methods and you are still getting this warning, you most likely misspelled the timezone identifier. We selected 'UTC' for '8.0/no DST' instead IndexLang.class.php 第 7 行.
[ 2012-07-29T04:59:18+00:00 ] NOTIC: [2048] date() [<a href='function.date'>function.date</a>]: It is not safe to rely on the system's timezone settings. Please use the date.timezone setting, the TZ environment variable or the date_default_timezone_set() function. In case you used any of those methods and you are still getting this warning, you most likely misspelled the timezone identifier. We selected 'UTC' for '8.0/no DST' instead Log.class.php 第 88 行.
[ 2012-07-29T04:59:29+00:00 ] NOTIC: [8] date_default_timezone_set() [<a href='function.date-default-timezone-set'>function.date-default-timezone-set</a>]: Timezone ID '' is invalid App.class.php 第 57 行.
[ 2012-07-29T04:59:29+00:00 ] NOTIC: [2048] date() [<a href='function.date'>function.date</a>]: It is not safe to rely on the system's timezone settings. Please use the date.timezone setting, the TZ environment variable or the date_default_timezone_set() function. In case you used any of those methods and you are still getting this warning, you most likely misspelled the timezone identifier. We selected 'UTC' for '8.0/no DST' instead IndexLang.class.php 第 7 行.
[ 2012-07-29T04:59:29+00:00 ] NOTIC: [2048] date() [<a href='function.date'>function.date</a>]: It is not safe to rely on the system's timezone settings. Please use the date.timezone setting, the TZ environment variable or the date_default_timezone_set() function. In case you used any of those methods and you are still getting this warning, you most likely misspelled the timezone identifier. We selected 'UTC' for '8.0/no DST' instead Log.class.php 第 88 行.
[ 2012-07-29T04:59:41+00:00 ] NOTIC: [8] date_default_timezone_set() [<a href='function.date-default-timezone-set'>function.date-default-timezone-set</a>]: Timezone ID '' is invalid App.class.php 第 57 行.
[ 2012-07-29T04:59:41+00:00 ] NOTIC: [2048] date() [<a href='function.date'>function.date</a>]: It is not safe to rely on the system's timezone settings. Please use the date.timezone setting, the TZ environment variable or the date_default_timezone_set() function. In case you used any of those methods and you are still getting this warning, you most likely misspelled the timezone identifier. We selected 'UTC' for '8.0/no DST' instead IndexLang.class.php 第 7 行.
[ 2012-07-29T04:59:41+00:00 ] NOTIC: [2048] date() [<a href='function.date'>function.date</a>]: It is not safe to rely on the system's timezone settings. Please use the date.timezone setting, the TZ environment variable or the date_default_timezone_set() function. In case you used any of those methods and you are still getting this warning, you most likely misspelled the timezone identifier. We selected 'UTC' for '8.0/no DST' instead Log.class.php 第 88 行.
[ 2012-07-29T04:59:42+00:00 ] NOTIC: [8] date_default_timezone_set() [<a href='function.date-default-timezone-set'>function.date-default-timezone-set</a>]: Timezone ID '' is invalid App.class.php 第 57 行.
[ 2012-07-29T04:59:42+00:00 ] NOTIC: [2048] date() [<a href='function.date'>function.date</a>]: It is not safe to rely on the system's timezone settings. Please use the date.timezone setting, the TZ environment variable or the date_default_timezone_set() function. In case you used any of those methods and you are still getting this warning, you most likely misspelled the timezone identifier. We selected 'UTC' for '8.0/no DST' instead IndexLang.class.php 第 7 行.
[ 2012-07-29T04:59:42+00:00 ] NOTIC: [2048] date() [<a href='function.date'>function.date</a>]: It is not safe to rely on the system's timezone settings. Please use the date.timezone setting, the TZ environment variable or the date_default_timezone_set() function. In case you used any of those methods and you are still getting this warning, you most likely misspelled the timezone identifier. We selected 'UTC' for '8.0/no DST' instead Log.class.php 第 88 行.
[ 2012-07-29T04:59:56+00:00 ] NOTIC: [8] date_default_timezone_set() [<a href='function.date-default-timezone-set'>function.date-default-timezone-set</a>]: Timezone ID '' is invalid App.class.php 第 57 行.
[ 2012-07-29T04:59:56+00:00 ] NOTIC: [2048] date() [<a href='function.date'>function.date</a>]: It is not safe to rely on the system's timezone settings. Please use the date.timezone setting, the TZ environment variable or the date_default_timezone_set() function. In case you used any of those methods and you are still getting this warning, you most likely misspelled the timezone identifier. We selected 'UTC' for '8.0/no DST' instead IndexLang.class.php 第 7 行.
[ 2012-07-29T04:59:56+00:00 ] NOTIC: [2048] date() [<a href='function.date'>function.date</a>]: It is not safe to rely on the system's timezone settings. Please use the date.timezone setting, the TZ environment variable or the date_default_timezone_set() function. In case you used any of those methods and you are still getting this warning, you most likely misspelled the timezone identifier. We selected 'UTC' for '8.0/no DST' instead Log.class.php 第 88 行.
[ 2012-07-29T05:00:10+00:00 ] NOTIC: [8] date_default_timezone_set() [<a href='function.date-default-timezone-set'>function.date-default-timezone-set</a>]: Timezone ID '' is invalid App.class.php 第 57 行.
[ 2012-07-29T05:00:10+00:00 ] NOTIC: [2] Cannot modify header information - headers already sent by (output started at D:\www\html\web\devephp\trunk\php\Controller\Index\IndexHello.class.php:5) View.class.php 第 172 行.
[ 2012-07-29T05:00:10+00:00 ] NOTIC: [2] Cannot modify header information - headers already sent by (output started at D:\www\html\web\devephp\trunk\php\Controller\Index\IndexHello.class.php:5) View.class.php 第 173 行.
[ 2012-07-29T05:00:10+00:00 ] NOTIC: [2048] date() [<a href='function.date'>function.date</a>]: It is not safe to rely on the system's timezone settings. Please use the date.timezone setting, the TZ environment variable or the date_default_timezone_set() function. In case you used any of those methods and you are still getting this warning, you most likely misspelled the timezone identifier. We selected 'UTC' for '8.0/no DST' instead Log.class.php 第 88 行.
[ 2012-07-29T05:00:11+00:00 ] NOTIC: [8] date_default_timezone_set() [<a href='function.date-default-timezone-set'>function.date-default-timezone-set</a>]: Timezone ID '' is invalid App.class.php 第 57 行.
[ 2012-07-29T05:00:11+00:00 ] NOTIC: [2048] date() [<a href='function.date'>function.date</a>]: It is not safe to rely on the system's timezone settings. Please use the date.timezone setting, the TZ environment variable or the date_default_timezone_set() function. In case you used any of those methods and you are still getting this warning, you most likely misspelled the timezone identifier. We selected 'UTC' for '8.0/no DST' instead IndexLang.class.php 第 7 行.
[ 2012-07-29T05:00:11+00:00 ] NOTIC: [2048] date() [<a href='function.date'>function.date</a>]: It is not safe to rely on the system's timezone settings. Please use the date.timezone setting, the TZ environment variable or the date_default_timezone_set() function. In case you used any of those methods and you are still getting this warning, you most likely misspelled the timezone identifier. We selected 'UTC' for '8.0/no DST' instead Log.class.php 第 88 行.
[ 2012-07-29T05:00:49+00:00 ] NOTIC: [8] date_default_timezone_set() [<a href='function.date-default-timezone-set'>function.date-default-timezone-set</a>]: Timezone ID '' is invalid App.class.php 第 57 行.
[ 2012-07-29T05:00:49+00:00 ] NOTIC: [2048] date() [<a href='function.date'>function.date</a>]: It is not safe to rely on the system's timezone settings. Please use the date.timezone setting, the TZ environment variable or the date_default_timezone_set() function. In case you used any of those methods and you are still getting this warning, you most likely misspelled the timezone identifier. We selected 'UTC' for '8.0/no DST' instead IndexLang.class.php 第 7 行.
[ 2012-07-29T05:00:49+00:00 ] NOTIC: [2048] date() [<a href='function.date'>function.date</a>]: It is not safe to rely on the system's timezone settings. Please use the date.timezone setting, the TZ environment variable or the date_default_timezone_set() function. In case you used any of those methods and you are still getting this warning, you most likely misspelled the timezone identifier. We selected 'UTC' for '8.0/no DST' instead Log.class.php 第 88 行.
[ 2012-07-29T05:00:51+00:00 ] NOTIC: [8] date_default_timezone_set() [<a href='function.date-default-timezone-set'>function.date-default-timezone-set</a>]: Timezone ID '' is invalid App.class.php 第 57 行.
[ 2012-07-29T05:00:51+00:00 ] NOTIC: [2] Cannot modify header information - headers already sent by (output started at D:\www\html\web\devephp\trunk\php\Controller\Index\IndexHello.class.php:5) View.class.php 第 172 行.
[ 2012-07-29T05:00:51+00:00 ] NOTIC: [2] Cannot modify header information - headers already sent by (output started at D:\www\html\web\devephp\trunk\php\Controller\Index\IndexHello.class.php:5) View.class.php 第 173 行.
[ 2012-07-29T05:00:51+00:00 ] NOTIC: [2048] date() [<a href='function.date'>function.date</a>]: It is not safe to rely on the system's timezone settings. Please use the date.timezone setting, the TZ environment variable or the date_default_timezone_set() function. In case you used any of those methods and you are still getting this warning, you most likely misspelled the timezone identifier. We selected 'UTC' for '8.0/no DST' instead Log.class.php 第 88 行.
[ 2012-07-29T05:00:52+00:00 ] NOTIC: [8] date_default_timezone_set() [<a href='function.date-default-timezone-set'>function.date-default-timezone-set</a>]: Timezone ID '' is invalid App.class.php 第 57 行.
[ 2012-07-29T05:00:52+00:00 ] NOTIC: [2048] date() [<a href='function.date'>function.date</a>]: It is not safe to rely on the system's timezone settings. Please use the date.timezone setting, the TZ environment variable or the date_default_timezone_set() function. In case you used any of those methods and you are still getting this warning, you most likely misspelled the timezone identifier. We selected 'UTC' for '8.0/no DST' instead IndexLang.class.php 第 7 行.
[ 2012-07-29T05:00:52+00:00 ] NOTIC: [2048] date() [<a href='function.date'>function.date</a>]: It is not safe to rely on the system's timezone settings. Please use the date.timezone setting, the TZ environment variable or the date_default_timezone_set() function. In case you used any of those methods and you are still getting this warning, you most likely misspelled the timezone identifier. We selected 'UTC' for '8.0/no DST' instead Log.class.php 第 88 行.
[ 2012-07-29T05:00:54+00:00 ] NOTIC: [8] date_default_timezone_set() [<a href='function.date-default-timezone-set'>function.date-default-timezone-set</a>]: Timezone ID '' is invalid App.class.php 第 57 行.
[ 2012-07-29T05:00:54+00:00 ] NOTIC: [2] Cannot modify header information - headers already sent by (output started at D:\www\html\web\devephp\trunk\php\Controller\Index\IndexHello.class.php:5) View.class.php 第 172 行.
[ 2012-07-29T05:00:54+00:00 ] NOTIC: [2] Cannot modify header information - headers already sent by (output started at D:\www\html\web\devephp\trunk\php\Controller\Index\IndexHello.class.php:5) View.class.php 第 173 行.
[ 2012-07-29T05:00:54+00:00 ] NOTIC: [2048] date() [<a href='function.date'>function.date</a>]: It is not safe to rely on the system's timezone settings. Please use the date.timezone setting, the TZ environment variable or the date_default_timezone_set() function. In case you used any of those methods and you are still getting this warning, you most likely misspelled the timezone identifier. We selected 'UTC' for '8.0/no DST' instead Log.class.php 第 88 行.
